\BOOKMARK [1][-]{section.1}{Generalidades del M\351todo de Elementos Finitos}{}% 1
\BOOKMARK [1][-]{section.2}{Introducci\363n al M\351todo de Elementos Finitos}{}% 2
\BOOKMARK [2][-]{subsection.2.1}{Definiendo los elementos finitos}{section.2}% 3
\BOOKMARK [2][-]{subsection.2.2}{Triangulando la regi\363n}{section.2}% 4
\BOOKMARK [1][-]{section.3}{Formulaci\363n d\351bil para FEM}{}% 5
\BOOKMARK [2][-]{subsection.3.1}{Condiciones de contorno de Dirichlet}{section.3}% 6
\BOOKMARK [2][-]{subsection.3.2}{Condiciones de contorno de Neumann}{section.3}% 7
\BOOKMARK [2][-]{subsection.3.3}{Formulaci\363n d\351bil para la ecuaci\363n de Poisson}{section.3}% 8
\BOOKMARK [1][-]{section.4}{An\341lisis de implementaciones}{}% 9
\BOOKMARK [2][-]{subsection.4.1}{Ecuaci\363n El\355ptica}{section.4}% 10
\BOOKMARK [3][-]{subsubsection.4.1.1}{Implementaci\363n en Mathematica}{subsection.4.1}% 11
\BOOKMARK [3][-]{subsubsection.4.1.2}{Implementaci\363n en FEniCS}{subsection.4.1}% 12
\BOOKMARK [2][-]{subsection.4.2}{Ecuaci\363n Parab\363lica}{section.4}% 13
\BOOKMARK [3][-]{subsubsection.4.2.1}{Implementaci\363n en Mathematica}{subsection.4.2}% 14
\BOOKMARK [3][-]{subsubsection.4.2.2}{Implementaci\363n en FEniCS}{subsection.4.2}% 15
\BOOKMARK [2][-]{subsection.4.3}{Ecuaci\363n Hiperb\363lica}{section.4}% 16
\BOOKMARK [3][-]{subsubsection.4.3.1}{Implementaci\363n en Mathematica}{subsection.4.3}% 17
\BOOKMARK [2][-]{subsection.4.4}{Implementaci\363n en FEniCS}{section.4}% 18
\BOOKMARK [1][-]{section.5}{Comparaci\363n de implementaciones}{}% 19
\BOOKMARK [2][-]{subsection.5.1}{Discretizaci\363n del espacio}{section.5}% 20
\BOOKMARK [1][-]{section.6}{An\341lisis estad\355stico en los resultados de una aproximaci\363n num\351rica}{}% 21
\BOOKMARK [1][-]{section.7}{Conclusiones}{}% 22
